<?xml version="1.0" encoding="UTF-8"?>
<testsuite xmlns:xsi="http://www.w3.org/2001/XMLSchema-instance" xsi:noNamespaceSchemaLocation="https://maven.apache.org/surefire/maven-surefire-plugin/xsd/surefire-test-report-3.0.xsd" version="3.0" name="TestSuite" time="13.86" tests="3" errors="0" skipped="0" failures="0">
  <properties>
[...]
</properties>
  <testcase name="VerifyTitle" classname="com.practice.TestNG.TestNGAssertion" time="12.463">
    <system-err><![CDATA[Starting ChromeDriver 91.0.4472.19 (1bf021f248676a0b2ab3ee0561d83a59e424c23e-refs/branch-heads/4472@{#288}) on port 20525
Only local connections are allowed.
Please see https://chromedriver.chromium.org/security-considerations for suggestions on keeping ChromeDriver safe.
ChromeDriver was started successfully.
log4j:WARN No appenders could be found for logger (org.apache.http.client.protocol.RequestAddCookies).
log4j:WARN Please initialize the log4j system properly.
log4j:WARN See http://logging.apache.org/log4j/1.2/faq.html#noconfig for more info.
Jun 18, 2021 9:14:14 PM org.openqa.selenium.remote.ProtocolHandshake createSession
INFO: Detected dialect: W3C
]]></system-err>
  </testcase>
  <testcase name="testSoft" classname="com.practice.TestNG.TestNGAssertion" time="0">
    <system-out><![CDATA[TEst1 started==
Test1 Completes==
]]></system-out>
  </testcase>
  <testcase name="testhard" classname="com.practice.TestNG.TestNGAssertion" time="0">
    <system-out><![CDATA[Test2 Started==
TEst2 completes==
]]></system-out>
  </testcase>
</testsuite>