<?xml version="1.0" encoding="UTF-8"?>
<!-- Generated by org.testng.reporters.JUnitXMLReporter -->
<testsuite hostname="LAPTOP-MOTMPJ0P" ignored="0" name="TestNGDemoTest" tests="3" failures="0" timestamp="18 Jun 2021 15:44:22 GMT" time="12.484" errors="0">
  <testcase name="VerifyTitle" time="12.451" classname="com.practice.TestNG.TestNGAssertion"/>
  <testcase name="testSoft" time="0.003" classname="com.practice.TestNG.TestNGAssertion"/>
  <testcase name="testhard" time="0.0" classname="com.practice.TestNG.TestNGAssertion"/>
</testsuite> <!-- TestNGDemoTest -->
