<?xml version="1.0" encoding="UTF-8"?>
<!-- Generated by org.testng.reporters.JUnitXMLReporter -->
<testsuite hostname="LAPTOP-MOTMPJ0P" ignored="0" name="Default test" tests="4" failures="0" timestamp="16 Jun 2021 16:43:16 GMT" time="13.339" errors="0">
  <testcase name="startApp" time="0.0" classname="com.practice.TestNG.TestNGDependency"/>
  <testcase name="logoutApp" time="0.0" classname="com.practice.TestNG.TestNGDependency"/>
  <testcase name="loginApp" time="0.0" classname="com.practice.TestNG.TestNGDependency"/>
  <testcase name="verifyApplicationTitle" time="13.292" classname="com.practice.TestNG.TestNGDependency"/>
</testsuite> <!-- Default test -->
